6月 04, 2023 3:56:38 下午 de.tum.common.ServerLogger init
信息: Already initialized loggers using Level INFO
6月 04, 2023 3:56:39 下午 de.tum.server.cacheDisplacement.LRU <init>
信息: Init Cache with strategy LRU
6月 04, 2023 3:56:39 下午 de.tum.App main
信息: Server is starting...
6月 05, 2023 4:42:38 下午 de.tum.common.ServerLogger init
信息: Already initialized loggers using Level INFO
6月 05, 2023 4:42:38 下午 de.tum.server.cacheDisplacement.LRU <init>
信息: Init Cache with strategy LRU
6月 05, 2023 4:42:38 下午 de.tum.App main
信息: Server is starting...
6月 05, 2023 4:42:39 下午 de.tum.App main
信息: Server is shutting down...
6月 06, 2023 4:21:08 下午 de.tum.common.ServerLogger init
信息: Already initialized loggers using Level INFO
6月 06, 2023 4:21:08 下午 de.tum.server.cacheDisplacement.LRU <init>
信息: Init Cache with strategy LRU
6月 06, 2023 4:21:08 下午 de.tum.App main
信息: Server is starting...
6月 06, 2023 4:22:39 下午 de.tum.common.ServerLogger init
信息: Already initialized loggers using Level INFO
6月 06, 2023 4:22:39 下午 de.tum.server.cacheDisplacement.LRU <init>
信息: Init Cache with strategy LRU
6月 06, 2023 4:22:39 下午 de.tum.App main
信息: Server is starting...
6月 06, 2023 4:23:56 下午 de.tum.common.ServerLogger init
信息: Already initialized loggers using Level INFO
6月 06, 2023 4:23:57 下午 de.tum.server.cacheDisplacement.LRU <init>
信息: Init Cache with strategy LRU
6月 06, 2023 4:23:57 下午 de.tum.App main
信息: Server is starting...
6月 06, 2023 4:24:59 下午 de.tum.common.ServerLogger init
信息: Already initialized loggers using Level INFO
6月 06, 2023 4:24:59 下午 de.tum.server.cacheDisplacement.LRU <init>
信息: Init Cache with strategy LRU
6月 06, 2023 4:24:59 下午 de.tum.App main
信息: Server is starting...
6月 06, 2023 4:50:54 下午 de.tum.common.ServerLogger init
信息: Already initialized loggers using Level INFO
6月 06, 2023 4:50:55 下午 de.tum.server.cacheDisplacement.LRU <init>
信息: Init Cache with strategy LRU
6月 06, 2023 4:50:55 下午 de.tum.App main
信息: Server is starting...
6月 06, 2023 4:50:55 下午 de.tum.App main
严重: Server init failed: io.grpc.StatusRuntimeException: UNAVAILABLE: io exception
6月 06, 2023 10:22:02 下午 de.tum.common.ServerLogger init
信息: Already initialized loggers using Level INFO
6月 06, 2023 10:22:02 下午 de.tum.server.cacheDisplacement.LRU <init>
信息: Init Cache with strategy LRU
6月 06, 2023 10:22:02 下午 de.tum.App main
信息: Server is starting...
6月 06, 2023 10:22:39 下午 de.tum.common.ServerLogger init
信息: Already initialized loggers using Level INFO
6月 06, 2023 10:22:39 下午 de.tum.server.cacheDisplacement.LRU <init>
信息: Init Cache with strategy LRU
6月 06, 2023 10:22:39 下午 de.tum.App main
信息: Server is starting...
6月 07, 2023 12:07:30 上午 de.tum.common.ServerLogger init
信息: Already initialized loggers using Level INFO
6月 07, 2023 12:07:30 上午 de.tum.server.cacheDisplacement.LRU <init>
信息: Init Cache with strategy LRU
6月 07, 2023 12:07:30 上午 de.tum.App main
信息: Server is starting...
6月 07, 2023 12:07:31 上午 de.tum.App main
严重: Server init failed: io.grpc.StatusRuntimeException: UNAVAILABLE: io exception
6月 07, 2023 12:07:48 上午 de.tum.common.ServerLogger init
信息: Already initialized loggers using Level INFO
6月 07, 2023 12:07:49 上午 de.tum.server.cacheDisplacement.LRU <init>
信息: Init Cache with strategy LRU
6月 07, 2023 12:07:49 上午 de.tum.App main
信息: Server is starting...
6月 07, 2023 7:33:34 下午 de.tum.common.ServerLogger init
信息: Already initialized loggers using Level INFO
6月 07, 2023 7:33:34 下午 de.tum.cacheDisplacement.LRU <init>
信息: Init Cache with strategy LRU
6月 07, 2023 7:33:34 下午 de.tum.App main
信息: Server is starting...
6月 07, 2023 7:33:35 下午 de.tum.App main
信息: Server is shutting down...
6月 07, 2023 7:41:56 下午 de.tum.common.ServerLogger init
信息: Already initialized loggers using Level INFO
6月 07, 2023 7:41:56 下午 de.tum.cacheDisplacement.LRU <init>
信息: Init Cache with strategy LRU
6月 07, 2023 7:41:56 下午 de.tum.App main
信息: Server is starting...
6月 07, 2023 7:41:57 下午 de.tum.App main
信息: Server is shutting down...
6月 07, 2023 8:35:13 下午 de.tum.common.ServerLogger init
信息: Already initialized loggers using Level INFO
6月 07, 2023 8:35:13 下午 de.tum.cacheDisplacement.LRU <init>
信息: Init Cache with strategy LRU
6月 07, 2023 8:35:13 下午 de.tum.App main
信息: Server is starting...
6月 07, 2023 8:35:15 下午 de.tum.App main
信息: Server is shutting down...
6月 07, 2023 8:58:06 下午 de.tum.common.ServerLogger init
信息: Already initialized loggers using Level INFO
6月 07, 2023 8:58:06 下午 de.tum.cacheDisplacement.LRU <init>
信息: Init Cache with strategy LRU
6月 07, 2023 8:58:06 下午 de.tum.App main
信息: Server is starting...
6月 07, 2023 8:58:27 下午 de.tum.common.ServerLogger init
信息: Already initialized loggers using Level INFO
6月 07, 2023 8:58:27 下午 de.tum.cacheDisplacement.LRU <init>
信息: Init Cache with strategy LRU
6月 07, 2023 8:58:27 下午 de.tum.App main
信息: Server is starting...
6月 07, 2023 8:59:20 下午 de.tum.common.ServerLogger init
信息: Already initialized loggers using Level INFO
6月 07, 2023 8:59:20 下午 de.tum.cacheDisplacement.LRU <init>
信息: Init Cache with strategy LRU
6月 07, 2023 8:59:20 下午 de.tum.App main
信息: Server is starting...
6月 07, 2023 9:01:28 下午 de.tum.common.ServerLogger init
信息: Already initialized loggers using Level INFO
6月 07, 2023 9:01:28 下午 de.tum.cacheDisplacement.LRU <init>
信息: Init Cache with strategy LRU
6月 07, 2023 9:01:28 下午 de.tum.App main
信息: KVServer is starting...
6月 07, 2023 9:02:46 下午 de.tum.common.ServerLogger init
信息: Already initialized loggers using Level INFO
6月 07, 2023 9:02:46 下午 de.tum.cacheDisplacement.LRU <init>
信息: Init Cache with strategy LRU
6月 07, 2023 9:02:46 下午 de.tum.App main
信息: KVServer is starting...
6月 07, 2023 9:02:58 下午 de.tum.App main
信息: KVServer is shutting down...
6月 07, 2023 9:04:03 下午 de.tum.common.ServerLogger init
信息: Already initialized loggers using Level INFO
6月 07, 2023 9:04:03 下午 de.tum.cacheDisplacement.LRU <init>
信息: Init Cache with strategy LRU
6月 07, 2023 9:04:03 下午 de.tum.App main
信息: KVServer is starting...
6月 07, 2023 9:04:09 下午 de.tum.App main
信息: KVServer is shutting down...
6月 07, 2023 9:34:42 下午 de.tum.common.ServerLogger init
信息: Already initialized loggers using Level INFO
6月 07, 2023 9:34:42 下午 de.tum.cacheDisplacement.LRU <init>
信息: Init Cache with strategy LRU
6月 07, 2023 9:34:42 下午 de.tum.App main
信息: KVServer is starting...
6月 07, 2023 9:34:43 下午 de.tum.App main
信息: KVServer is shutting down...
6月 07, 2023 9:34:59 下午 de.tum.common.ServerLogger init
信息: Already initialized loggers using Level INFO
6月 07, 2023 9:34:59 下午 de.tum.cacheDisplacement.LRU <init>
信息: Init Cache with strategy LRU
6月 07, 2023 9:34:59 下午 de.tum.App main
信息: KVServer is starting...
6月 07, 2023 9:35:00 下午 de.tum.App main
信息: KVServer is shutting down...
6月 07, 2023 9:38:52 下午 de.tum.common.ServerLogger init
信息: Already initialized loggers using Level INFO
6月 07, 2023 9:38:52 下午 de.tum.cacheDisplacement.LRU <init>
信息: Init Cache with strategy LRU
6月 07, 2023 9:38:52 下午 de.tum.App main
信息: KVServer is starting...
6月 07, 2023 9:38:52 下午 de.tum.App main
信息: KVServer is shutting down...
6月 07, 2023 9:39:12 下午 de.tum.common.ServerLogger init
信息: Already initialized loggers using Level INFO
6月 07, 2023 9:39:12 下午 de.tum.cacheDisplacement.LRU <init>
信息: Init Cache with strategy LRU
6月 07, 2023 9:39:12 下午 de.tum.App main
信息: KVServer is starting...
6月 07, 2023 9:39:14 下午 de.tum.App main
信息: KVServer is shutting down...
6月 07, 2023 10:00:21 下午 de.tum.common.ServerLogger init
信息: Already initialized loggers using Level INFO
6月 07, 2023 10:00:21 下午 de.tum.cacheDisplacement.LRU <init>
信息: Init Cache with strategy LRU
6月 07, 2023 10:00:21 下午 de.tum.App main
信息: KVServer is starting...
6月 07, 2023 10:00:24 下午 de.tum.App main
信息: KVServer is shutting down...
6月 08, 2023 10:56:00 上午 de.tum.common.ServerLogger init
信息: Already initialized loggers using Level INFO
6月 08, 2023 10:56:00 上午 de.tum.cacheDisplacement.LRU <init>
信息: Init Cache with strategy LRU
6月 08, 2023 10:56:00 上午 de.tum.App main
信息: KVServer is starting...
6月 08, 2023 10:56:01 上午 de.tum.App main
信息: KVServer is shutting down...
6月 08, 2023 10:57:09 上午 de.tum.common.ServerLogger init
信息: Already initialized loggers using Level INFO
6月 08, 2023 10:57:09 上午 de.tum.cacheDisplacement.LRU <init>
信息: Init Cache with strategy LRU
6月 08, 2023 10:57:09 上午 de.tum.App main
信息: KVServer is starting...
6月 08, 2023 10:57:10 上午 de.tum.App main
信息: KVServer is shutting down...
6月 08, 2023 10:57:38 上午 de.tum.common.ServerLogger init
信息: Already initialized loggers using Level INFO
6月 08, 2023 10:57:38 上午 de.tum.cacheDisplacement.LRU <init>
信息: Init Cache with strategy LRU
6月 08, 2023 10:57:38 上午 de.tum.App main
信息: KVServer is starting...
6月 08, 2023 10:57:39 上午 de.tum.App main
信息: KVServer is shutting down...
6月 08, 2023 10:58:33 上午 de.tum.common.ServerLogger init
信息: Already initialized loggers using Level INFO
6月 08, 2023 10:58:33 上午 de.tum.cacheDisplacement.LRU <init>
信息: Init Cache with strategy LRU
6月 08, 2023 10:58:33 上午 de.tum.App main
信息: KVServer is starting...
6月 08, 2023 10:58:33 上午 de.tum.App main
信息: KVServer is shutting down...
6月 08, 2023 11:25:46 上午 de.tum.common.ServerLogger init
信息: Already initialized loggers using Level INFO
6月 08, 2023 11:25:46 上午 de.tum.cacheDisplacement.LRU <init>
信息: Init Cache with strategy LRU
6月 08, 2023 11:25:46 上午 de.tum.App main
信息: KVServer is starting...
6月 08, 2023 11:27:19 上午 de.tum.common.ServerLogger init
信息: Already initialized loggers using Level INFO
6月 08, 2023 11:27:19 上午 de.tum.cacheDisplacement.LRU <init>
信息: Init Cache with strategy LRU
6月 08, 2023 11:27:19 上午 de.tum.App main
信息: KVServer is starting...
6月 08, 2023 11:27:42 上午 de.tum.common.ServerLogger init
信息: Already initialized loggers using Level INFO
6月 08, 2023 11:27:42 上午 de.tum.cacheDisplacement.LRU <init>
信息: Init Cache with strategy LRU
6月 08, 2023 11:27:42 上午 de.tum.App main
信息: KVServer is starting...
6月 08, 2023 11:29:07 上午 de.tum.common.ServerLogger init
信息: Already initialized loggers using Level INFO
6月 08, 2023 11:29:07 上午 de.tum.cacheDisplacement.LRU <init>
信息: Init Cache with strategy LRU
6月 08, 2023 11:29:07 上午 de.tum.App main
信息: KVServer is starting...
6月 08, 2023 11:41:02 上午 de.tum.common.ServerLogger init
信息: Already initialized loggers using Level INFO
6月 08, 2023 11:41:02 上午 de.tum.cacheDisplacement.LRU <init>
信息: Init Cache with strategy LRU
6月 08, 2023 11:41:02 上午 de.tum.App main
信息: KVServer is starting...
6月 08, 2023 3:05:17 下午 de.tum.common.ServerLogger init
信息: Already initialized loggers using Level INFO
6月 08, 2023 3:05:17 下午 de.tum.cacheDisplacement.LRU <init>
信息: Init Cache with strategy LRU
6月 08, 2023 3:05:17 下午 de.tum.App main
信息: KVServer is starting...
6月 08, 2023 3:22:50 下午 de.tum.common.ServerLogger init
信息: Already initialized loggers using Level INFO
6月 08, 2023 3:22:50 下午 de.tum.cacheDisplacement.LRU <init>
信息: Init Cache with strategy LRU
6月 08, 2023 3:22:50 下午 de.tum.App main
信息: KVServer is starting...
6月 08, 2023 3:48:08 下午 de.tum.common.ServerLogger init
信息: Already initialized loggers using Level INFO
6月 08, 2023 3:48:09 下午 de.tum.cacheDisplacement.LRU <init>
信息: Init Cache with strategy LRU
6月 08, 2023 3:48:09 下午 de.tum.App main
信息: KVServer is starting...
6月 08, 2023 4:58:21 下午 de.tum.common.ServerLogger init
信息: Already initialized loggers using Level INFO
6月 08, 2023 4:58:21 下午 de.tum.cacheDisplacement.LRU <init>
信息: Init Cache with strategy LRU
6月 08, 2023 4:58:21 下午 de.tum.App main
信息: KVServer is starting...
6月 08, 2023 5:03:18 下午 de.tum.common.ServerLogger init
信息: Already initialized loggers using Level INFO
6月 08, 2023 5:03:19 下午 de.tum.cacheDisplacement.LRU <init>
信息: Init Cache with strategy LRU
6月 08, 2023 5:03:19 下午 de.tum.App main
信息: KVServer is starting...
6月 08, 2023 5:05:51 下午 de.tum.common.ServerLogger init
信息: Already initialized loggers using Level INFO
6月 08, 2023 5:05:51 下午 de.tum.cacheDisplacement.LRU <init>
信息: Init Cache with strategy LRU
6月 08, 2023 5:05:52 下午 de.tum.App main
信息: RPC service published on port: 5153
6月 08, 2023 5:05:52 下午 de.tum.App main
信息: KVServer is starting...
6月 08, 2023 5:08:41 下午 de.tum.common.ServerLogger init
信息: Already initialized loggers using Level INFO
6月 08, 2023 5:08:41 下午 de.tum.cacheDisplacement.LRU <init>
信息: Init Cache with strategy LRU
6月 08, 2023 5:08:41 下午 de.tum.App main
信息: RPC service published on port: 5153
6月 08, 2023 5:08:41 下午 de.tum.App main
信息: KVServer is starting...
6月 08, 2023 5:43:28 下午 de.tum.common.ServerLogger init
信息: Already initialized loggers using Level INFO
6月 08, 2023 5:43:28 下午 de.tum.cacheDisplacement.LRU <init>
信息: Init Cache with strategy LRU
6月 08, 2023 5:43:30 下午 de.tum.App main
严重: Server init failed: UNAVAILABLE: io exception
6月 08, 2023 5:44:04 下午 de.tum.common.ServerLogger init
信息: Already initialized loggers using Level INFO
6月 08, 2023 5:44:04 下午 de.tum.cacheDisplacement.LRU <init>
信息: Init Cache with strategy LRU
6月 08, 2023 5:44:05 下午 de.tum.App main
信息: RPC service published on port: 5153
6月 08, 2023 5:44:05 下午 de.tum.App main
信息: KVServer is starting...
6月 08, 2023 5:45:45 下午 de.tum.common.ServerLogger init
信息: Already initialized loggers using Level INFO
6月 08, 2023 5:45:45 下午 de.tum.cacheDisplacement.LRU <init>
信息: Init Cache with strategy LRU
6月 08, 2023 5:45:46 下午 de.tum.App main
信息: RPC service published on port: 5153
6月 08, 2023 5:45:46 下午 de.tum.App main
信息: KVServer is starting...
6月 08, 2023 5:47:53 下午 de.tum.common.ServerLogger init
信息: Already initialized loggers using Level INFO
6月 08, 2023 5:47:53 下午 de.tum.cacheDisplacement.LRU <init>
信息: Init Cache with strategy LRU
6月 08, 2023 5:47:54 下午 de.tum.App main
信息: RPC service published on port: 5153
6月 08, 2023 5:47:54 下午 de.tum.App main
信息: KVServer is starting...
6月 08, 2023 5:50:17 下午 de.tum.common.ServerLogger init
信息: Already initialized loggers using Level INFO
6月 08, 2023 5:50:17 下午 de.tum.cacheDisplacement.LRU <init>
信息: Init Cache with strategy LRU
6月 08, 2023 5:50:18 下午 de.tum.App main
信息: RPC service published on port: 5153
6月 08, 2023 5:50:18 下午 de.tum.App main
信息: KVServer is starting...
6月 08, 2023 5:50:50 下午 de.tum.common.ServerLogger init
信息: Already initialized loggers using Level INFO
6月 08, 2023 5:50:50 下午 de.tum.cacheDisplacement.LRU <init>
信息: Init Cache with strategy LRU
6月 08, 2023 5:50:52 下午 de.tum.App main
信息: RPC service published on port: 5153
6月 08, 2023 5:50:52 下午 de.tum.App main
信息: KVServer is starting...
6月 08, 2023 5:54:56 下午 de.tum.common.ServerLogger init
信息: Already initialized loggers using Level INFO
6月 08, 2023 5:54:56 下午 de.tum.cacheDisplacement.LRU <init>
信息: Init Cache with strategy LRU
6月 08, 2023 5:54:57 下午 de.tum.App main
信息: RPC service published on port: 5153
6月 08, 2023 5:54:57 下午 de.tum.App main
信息: KVServer is starting...
6月 08, 2023 6:10:21 下午 de.tum.common.ServerLogger init
信息: Already initialized loggers using Level INFO
6月 08, 2023 6:10:21 下午 de.tum.cacheDisplacement.LRU <init>
信息: Init Cache with strategy LRU
6月 08, 2023 6:10:23 下午 de.tum.App main
信息: RPC service published on port: 5153
6月 08, 2023 6:10:23 下午 de.tum.App main
信息: KVServer is starting...
6月 08, 2023 6:10:23 下午 de.tum.communication.KVServer accept
信息: Accept new client: /127.0.0.1:55943
6月 08, 2023 6:10:23 下午 de.tum.communication.KVServer read
信息: Register read event for client: /127.0.0.1:55943
6月 08, 2023 6:10:23 下午 de.tum.communication.KVServer read
信息: Received request:PRI * HTTP/2.0

SM
6月 08, 2023 6:10:23 下午 de.tum.App main
严重: Server init failed: null
6月 08, 2023 6:20:00 下午 de.tum.common.ServerLogger init
信息: Already initialized loggers using Level INFO
6月 08, 2023 6:20:01 下午 de.tum.cacheDisplacement.LRU <init>
信息: Init Cache with strategy LRU
6月 08, 2023 6:20:01 下午 de.tum.App main
信息: RPC service published on port: 5153
6月 08, 2023 6:20:01 下午 de.tum.App main
信息: KVServer is starting...
6月 08, 2023 6:23:11 下午 de.tum.common.ServerLogger init
信息: Already initialized loggers using Level INFO
6月 08, 2023 6:23:11 下午 de.tum.cacheDisplacement.LRU <init>
信息: Init Cache with strategy LRU
6月 08, 2023 6:23:13 下午 de.tum.App main
信息: RPC service published on port: 5153
6月 08, 2023 6:23:13 下午 de.tum.App main
信息: KVServer is starting...
6月 08, 2023 6:24:04 下午 de.tum.common.ServerLogger init
信息: Already initialized loggers using Level INFO
6月 08, 2023 6:24:04 下午 de.tum.cacheDisplacement.LRU <init>
信息: Init Cache with strategy LRU
6月 08, 2023 6:24:06 下午 de.tum.App main
信息: RPC service published on port: 5153
6月 08, 2023 6:24:06 下午 de.tum.App main
信息: KVServer is starting...
6月 08, 2023 6:24:30 下午 de.tum.common.ServerLogger init
信息: Already initialized loggers using Level INFO
6月 08, 2023 6:24:30 下午 de.tum.cacheDisplacement.LRU <init>
信息: Init Cache with strategy LRU
6月 08, 2023 6:24:31 下午 de.tum.App main
信息: RPC service published on port: 5153
6月 08, 2023 6:24:32 下午 de.tum.App main
信息: KVServer is starting...
6月 08, 2023 6:25:35 下午 de.tum.common.ServerLogger init
信息: Already initialized loggers using Level INFO
6月 08, 2023 6:25:35 下午 de.tum.cacheDisplacement.LRU <init>
信息: Init Cache with strategy LRU
6月 08, 2023 6:25:36 下午 de.tum.App main
信息: RPC service published on port: 5153
6月 08, 2023 6:25:36 下午 de.tum.App main
信息: KVServer is starting...
6月 08, 2023 6:34:00 下午 de.tum.common.ServerLogger init
信息: Already initialized loggers using Level INFO
6月 08, 2023 6:34:00 下午 de.tum.cacheDisplacement.LRU <init>
信息: Init Cache with strategy LRU
6月 08, 2023 6:34:02 下午 de.tum.App main
信息: RPC service published on port: 5153
6月 08, 2023 6:34:02 下午 de.tum.App main
信息: KVServer is starting...
6月 08, 2023 6:37:05 下午 de.tum.common.ServerLogger init
信息: Already initialized loggers using Level INFO
6月 08, 2023 6:37:05 下午 de.tum.cacheDisplacement.LRU <init>
信息: Init Cache with strategy LRU
6月 08, 2023 6:37:06 下午 de.tum.App registerHandler
信息: Register to ECS successfully
6月 08, 2023 6:37:06 下午 de.tum.App main
信息: RPC service published on port: 5153
6月 08, 2023 6:37:06 下午 de.tum.App main
信息: KVServer is starting...
6月 08, 2023 6:41:40 下午 de.tum.common.ServerLogger init
信息: Already initialized loggers using Level INFO
6月 08, 2023 6:41:40 下午 de.tum.cacheDisplacement.LRU <init>
信息: Init Cache with strategy LRU
6月 08, 2023 6:41:41 下午 de.tum.App registerHandler
信息: Register to ECS successfully
6月 08, 2023 6:41:41 下午 de.tum.App main
信息: RPC service published on port: 5153
6月 08, 2023 6:41:41 下午 de.tum.App main
信息: KVServer is starting...
6月 08, 2023 6:42:38 下午 de.tum.common.ServerLogger init
信息: Already initialized loggers using Level INFO
6月 08, 2023 6:42:38 下午 de.tum.cacheDisplacement.LRU <init>
信息: Init Cache with strategy LRU
6月 08, 2023 6:42:40 下午 de.tum.App registerHandler
信息: Register to ECS successfully
6月 08, 2023 6:42:40 下午 de.tum.App main
信息: RPC service published on port: 5153
6月 08, 2023 6:42:40 下午 de.tum.App main
信息: KVServer is starting...
6月 08, 2023 6:46:33 下午 de.tum.common.ServerLogger init
信息: Already initialized loggers using Level INFO
6月 08, 2023 6:46:33 下午 de.tum.cacheDisplacement.LRU <init>
信息: Init Cache with strategy LRU
6月 08, 2023 6:46:34 下午 de.tum.App registerHandler
信息: Register to ECS successfully
6月 08, 2023 6:46:34 下午 de.tum.App main
信息: RPC service published on port: 5153
6月 08, 2023 6:46:34 下午 de.tum.App main
信息: KVServer is starting...
6月 08, 2023 6:47:40 下午 de.tum.common.ServerLogger init
信息: Already initialized loggers using Level INFO
6月 08, 2023 6:47:41 下午 de.tum.cacheDisplacement.LRU <init>
信息: Init Cache with strategy LRU
6月 08, 2023 6:47:42 下午 de.tum.App registerHandler
信息: Register to ECS successfully
6月 08, 2023 6:47:42 下午 de.tum.App main
信息: RPC service published on port: 5153
6月 08, 2023 6:47:42 下午 de.tum.App main
信息: KVServer is starting...
6月 08, 2023 6:48:07 下午 de.tum.common.ServerLogger init
信息: Already initialized loggers using Level INFO
6月 08, 2023 6:48:07 下午 de.tum.cacheDisplacement.LRU <init>
信息: Init Cache with strategy LRU
6月 08, 2023 6:48:09 下午 de.tum.App registerHandler
信息: Register to ECS successfully
6月 08, 2023 6:48:09 下午 de.tum.App main
信息: RPC service published on port: 5153
6月 08, 2023 6:48:09 下午 de.tum.App main
信息: KVServer is starting...
6月 08, 2023 6:52:24 下午 de.tum.common.ServerLogger init
信息: Already initialized loggers using Level INFO
6月 08, 2023 6:52:24 下午 de.tum.cacheDisplacement.LRU <init>
信息: Init Cache with strategy LRU
6月 08, 2023 6:52:25 下午 de.tum.App main
信息: RPC service published on port: 5153
6月 08, 2023 6:52:25 下午 de.tum.App main
信息: KVServer is starting...
6月 08, 2023 6:52:34 下午 de.tum.communication.KVServer accept
信息: Accept new client: /127.0.0.1:56428
6月 08, 2023 6:52:34 下午 de.tum.communication.KVServer read
信息: Register read event for client: /127.0.0.1:56428
6月 08, 2023 6:52:34 下午 de.tum.communication.KVServer read
信息: Received request:PRI * HTTP/2.0

SM
6月 08, 2023 6:52:34 下午 de.tum.App main
严重: Server init failed: null
6月 08, 2023 6:52:46 下午 de.tum.common.ServerLogger init
信息: Already initialized loggers using Level INFO
6月 08, 2023 6:52:47 下午 de.tum.cacheDisplacement.LRU <init>
信息: Init Cache with strategy LRU
6月 08, 2023 6:52:47 下午 de.tum.App main
信息: RPC service published on port: 5153
6月 08, 2023 6:52:47 下午 de.tum.App main
信息: KVServer is starting...
6月 08, 2023 6:57:09 下午 de.tum.common.ServerLogger init
信息: Already initialized loggers using Level INFO
6月 08, 2023 6:57:09 下午 de.tum.cacheDisplacement.LRU <init>
信息: Init Cache with strategy LRU
6月 08, 2023 6:57:09 下午 de.tum.App main
信息: RPC service published on port: 5153
6月 08, 2023 6:57:09 下午 de.tum.App main
信息: KVServer is starting...
6月 08, 2023 6:58:55 下午 de.tum.common.ServerLogger init
信息: Already initialized loggers using Level INFO
6月 08, 2023 6:58:55 下午 de.tum.cacheDisplacement.LRU <init>
信息: Init Cache with strategy LRU
6月 08, 2023 6:58:56 下午 de.tum.App main
严重: Server init failed: UNAVAILABLE: io exception
6月 08, 2023 6:59:27 下午 de.tum.common.ServerLogger init
信息: Already initialized loggers using Level INFO
6月 08, 2023 6:59:27 下午 de.tum.cacheDisplacement.LRU <init>
信息: Init Cache with strategy LRU
6月 08, 2023 6:59:28 下午 de.tum.App registerHandler
信息: Register to ECS successfully
6月 08, 2023 6:59:29 下午 de.tum.App main
信息: RPC service published on port: 5153
6月 08, 2023 6:59:29 下午 de.tum.App main
信息: KVServer is starting...
6月 08, 2023 8:12:24 下午 de.tum.common.ServerLogger init
信息: Already initialized loggers using Level INFO
6月 08, 2023 8:12:25 下午 de.tum.cacheDisplacement.LRU <init>
信息: Init Cache with strategy LRU
6月 08, 2023 8:12:26 下午 de.tum.App registerHandler
信息: Register to ECS successfully
6月 08, 2023 8:12:26 下午 de.tum.App main
信息: RPC service published on port: 5153
6月 08, 2023 8:12:26 下午 de.tum.App main
信息: KVServer is starting...
6月 08, 2023 8:16:25 下午 de.tum.common.ServerLogger init
信息: Already initialized loggers using Level INFO
6月 08, 2023 8:16:25 下午 de.tum.cacheDisplacement.LRU <init>
信息: Init Cache with strategy LRU
6月 08, 2023 8:16:26 下午 de.tum.App registerHandler
信息: Register to ECS successfully
6月 08, 2023 8:16:26 下午 de.tum.App main
信息: RPC service published on port: 5153
6月 08, 2023 8:16:26 下午 de.tum.App main
信息: KVServer is starting...
6月 08, 2023 8:28:45 下午 de.tum.common.ServerLogger init
信息: Already initialized loggers using Level INFO
6月 08, 2023 8:28:45 下午 de.tum.cacheDisplacement.LRU <init>
信息: Init Cache with strategy LRU
6月 08, 2023 8:28:47 下午 de.tum.App registerHandler
信息: Register to ECS successfully
6月 08, 2023 8:28:47 下午 de.tum.App main
信息: RPC service published on port: 5153
6月 08, 2023 8:28:47 下午 de.tum.App main
信息: KVServer is starting...
6月 08, 2023 8:44:08 下午 de.tum.common.ServerLogger init
信息: Already initialized loggers using Level INFO
6月 08, 2023 8:44:08 下午 de.tum.cacheDisplacement.LRU <init>
信息: Init Cache with strategy LRU
6月 08, 2023 8:44:10 下午 de.tum.App registerHandler
信息: Register to ECS successfully
6月 08, 2023 8:44:10 下午 de.tum.App main
信息: RPC service published on port: 5153
6月 08, 2023 8:44:10 下午 de.tum.App main
信息: KVServer is starting...
6月 08, 2023 9:37:21 下午 de.tum.common.ServerLogger init
信息: Already initialized loggers using Level INFO
6月 08, 2023 9:37:21 下午 de.tum.cacheDisplacement.LRU <init>
信息: Init Cache with strategy LRU
6月 08, 2023 9:37:22 下午 de.tum.App registerHandler
信息: Register to ECS successfully
6月 08, 2023 9:37:23 下午 de.tum.App main
信息: RPC service published on port: 5153
6月 08, 2023 9:37:23 下午 de.tum.App main
信息: KVServer is starting...
6月 08, 2023 9:38:35 下午 de.tum.common.ServerLogger init
信息: Already initialized loggers using Level INFO
6月 08, 2023 9:38:35 下午 de.tum.cacheDisplacement.LRU <init>
信息: Init Cache with strategy LRU
6月 08, 2023 9:38:36 下午 de.tum.App registerHandler
信息: Register to ECS successfully
6月 08, 2023 9:38:36 下午 de.tum.App main
信息: RPC service published on port: 5153
6月 08, 2023 9:38:36 下午 de.tum.App main
信息: KVServer is starting...
6月 08, 2023 9:41:34 下午 de.tum.common.ServerLogger init
信息: Already initialized loggers using Level INFO
6月 08, 2023 9:41:34 下午 de.tum.cacheDisplacement.LRU <init>
信息: Init Cache with strategy LRU
6月 08, 2023 9:41:36 下午 de.tum.App registerHandler
信息: Register to ECS successfully
6月 08, 2023 9:41:36 下午 de.tum.App main
信息: RPC service published on port: 5153
6月 08, 2023 9:41:36 下午 de.tum.App main
信息: KVServer is starting...
6月 08, 2023 9:49:23 下午 de.tum.common.ServerLogger init
信息: Already initialized loggers using Level INFO
6月 08, 2023 9:49:23 下午 de.tum.cacheDisplacement.LRU <init>
信息: Init Cache with strategy LRU
6月 08, 2023 9:49:25 下午 de.tum.App registerHandler
信息: Register to ECS successfully
6月 08, 2023 9:49:25 下午 de.tum.App main
信息: RPC service published on port: 5153
6月 08, 2023 9:49:25 下午 de.tum.App main
信息: KVServer is starting...
6月 08, 2023 9:51:48 下午 de.tum.common.ServerLogger init
信息: Already initialized loggers using Level INFO
6月 08, 2023 9:51:48 下午 de.tum.cacheDisplacement.LRU <init>
信息: Init Cache with strategy LRU
6月 08, 2023 9:51:51 下午 de.tum.App registerHandler
信息: Register to ECS successfully
6月 08, 2023 9:51:51 下午 de.tum.App main
信息: RPC service published on port: 5153
6月 08, 2023 9:51:51 下午 de.tum.App main
信息: KVServer is starting...
6月 08, 2023 9:53:24 下午 de.tum.common.ServerLogger init
信息: Already initialized loggers using Level INFO
6月 08, 2023 9:53:25 下午 de.tum.cacheDisplacement.LRU <init>
信息: Init Cache with strategy LRU
6月 08, 2023 9:53:26 下午 de.tum.App registerHandler
信息: Register to ECS successfully
6月 08, 2023 9:53:26 下午 de.tum.App main
信息: RPC service published on port: 5153
6月 08, 2023 9:53:26 下午 de.tum.App main
信息: KVServer is starting...
6月 08, 2023 10:02:28 下午 de.tum.common.ServerLogger init
信息: Already initialized loggers using Level INFO
6月 08, 2023 10:02:28 下午 de.tum.cacheDisplacement.LRU <init>
信息: Init Cache with strategy LRU
6月 08, 2023 10:02:29 下午 de.tum.App registerHandler
信息: Register to ECS successfully
6月 08, 2023 10:02:29 下午 de.tum.App main
信息: RPC service published on port: 5153
6月 08, 2023 10:02:29 下午 de.tum.App main
信息: KVServer is starting...
6月 08, 2023 10:45:54 下午 de.tum.common.ServerLogger init
信息: Already initialized loggers using Level INFO
6月 08, 2023 10:45:54 下午 de.tum.cacheDisplacement.LRU <init>
信息: Init Cache with strategy LRU
6月 08, 2023 10:45:55 下午 de.tum.App registerHandler
信息: Register to ECS successfully
6月 08, 2023 10:45:55 下午 de.tum.App main
信息: RPC service published on port: 5153
6月 08, 2023 10:45:55 下午 de.tum.App main
信息: KVServer is starting...
6月 08, 2023 10:52:33 下午 de.tum.common.ServerLogger init
信息: Already initialized loggers using Level INFO
6月 08, 2023 10:52:33 下午 de.tum.cacheDisplacement.LRU <init>
信息: Init Cache with strategy LRU
6月 08, 2023 10:52:34 下午 de.tum.App registerHandler
信息: Register to ECS successfully
6月 08, 2023 10:52:34 下午 de.tum.App main
信息: RPC service published on port: 5153
6月 08, 2023 10:52:34 下午 de.tum.App main
信息: KVServer is starting...
6月 08, 2023 10:53:19 下午 de.tum.common.ServerLogger init
信息: Already initialized loggers using Level INFO
6月 08, 2023 10:53:19 下午 de.tum.cacheDisplacement.LRU <init>
信息: Init Cache with strategy LRU
6月 08, 2023 10:53:20 下午 de.tum.App registerHandler
信息: Register to ECS successfully
6月 08, 2023 10:53:20 下午 de.tum.App main
信息: RPC service published on port: 5153
6月 08, 2023 10:53:20 下午 de.tum.App main
信息: KVServer is starting...
6月 08, 2023 10:53:37 下午 de.tum.common.ServerLogger init
信息: Already initialized loggers using Level INFO
6月 08, 2023 10:53:37 下午 de.tum.cacheDisplacement.LRU <init>
信息: Init Cache with strategy LRU
6月 08, 2023 10:53:38 下午 de.tum.App registerHandler
信息: Register to ECS successfully
6月 08, 2023 10:53:38 下午 de.tum.App main
信息: RPC service published on port: 5153
6月 08, 2023 10:53:38 下午 de.tum.App main
信息: KVServer is starting...
6月 08, 2023 10:53:46 下午 de.tum.common.ServerLogger init
信息: Already initialized loggers using Level INFO
6月 08, 2023 10:53:46 下午 de.tum.cacheDisplacement.LRU <init>
信息: Init Cache with strategy LRU
6月 08, 2023 10:53:46 下午 de.tum.App registerHandler
信息: Register to ECS successfully
6月 08, 2023 10:53:46 下午 de.tum.App main
信息: RPC service published on port: 5153
6月 08, 2023 10:53:46 下午 de.tum.App main
信息: KVServer is starting...
6月 08, 2023 10:54:10 下午 de.tum.common.ServerLogger init
信息: Already initialized loggers using Level INFO
6月 08, 2023 10:54:10 下午 de.tum.cacheDisplacement.LRU <init>
信息: Init Cache with strategy LRU
6月 08, 2023 10:54:11 下午 de.tum.App registerHandler
信息: Register to ECS successfully
6月 08, 2023 10:54:11 下午 de.tum.App main
信息: RPC service published on port: 5153
6月 08, 2023 10:54:11 下午 de.tum.App main
信息: KVServer is starting...
6月 08, 2023 10:54:28 下午 de.tum.common.ServerLogger init
信息: Already initialized loggers using Level INFO
6月 08, 2023 10:54:28 下午 de.tum.cacheDisplacement.LRU <init>
信息: Init Cache with strategy LRU
6月 08, 2023 10:54:29 下午 de.tum.App registerHandler
信息: Register to ECS successfully
6月 08, 2023 10:54:29 下午 de.tum.App main
信息: RPC service published on port: 5153
6月 08, 2023 10:54:29 下午 de.tum.App main
信息: KVServer is starting...
6月 08, 2023 10:56:25 下午 de.tum.common.ServerLogger init
信息: Already initialized loggers using Level INFO
6月 08, 2023 10:56:25 下午 de.tum.cacheDisplacement.LRU <init>
信息: Init Cache with strategy LRU
6月 08, 2023 10:56:26 下午 de.tum.App registerHandler
信息: Register to ECS successfully
6月 08, 2023 10:56:26 下午 de.tum.App main
信息: RPC service published on port: 5153
6月 08, 2023 10:56:26 下午 de.tum.App main
信息: KVServer is starting...
6月 08, 2023 10:56:37 下午 de.tum.common.ServerLogger init
信息: Already initialized loggers using Level INFO
6月 08, 2023 10:56:37 下午 de.tum.cacheDisplacement.LRU <init>
信息: Init Cache with strategy LRU
6月 08, 2023 10:56:37 下午 de.tum.App registerHandler
信息: Register to ECS successfully
6月 08, 2023 10:56:37 下午 de.tum.App main
信息: RPC service published on port: 5153
6月 08, 2023 10:56:37 下午 de.tum.App main
信息: KVServer is starting...
6月 08, 2023 10:56:57 下午 de.tum.common.ServerLogger init
信息: Already initialized loggers using Level INFO
6月 08, 2023 10:56:57 下午 de.tum.cacheDisplacement.LRU <init>
信息: Init Cache with strategy LRU
6月 08, 2023 10:56:58 下午 de.tum.App registerHandler
信息: Register to ECS successfully
6月 08, 2023 10:56:58 下午 de.tum.App main
信息: RPC service published on port: 5153
6月 08, 2023 10:56:58 下午 de.tum.App main
信息: KVServer is starting...
6月 08, 2023 10:58:29 下午 de.tum.common.ServerLogger init
信息: Already initialized loggers using Level INFO
6月 08, 2023 10:58:29 下午 de.tum.cacheDisplacement.LRU <init>
信息: Init Cache with strategy LRU
6月 08, 2023 10:58:30 下午 de.tum.App registerHandler
信息: Register to ECS successfully
6月 08, 2023 10:58:30 下午 de.tum.App main
信息: RPC service published on port: 5153
6月 08, 2023 10:58:30 下午 de.tum.App main
信息: KVServer is starting...
6月 08, 2023 11:00:31 下午 de.tum.common.ServerLogger init
信息: Already initialized loggers using Level INFO
6月 08, 2023 11:00:31 下午 de.tum.cacheDisplacement.LRU <init>
信息: Init Cache with strategy LRU
6月 08, 2023 11:00:31 下午 de.tum.App registerHandler
信息: Register to ECS successfully
6月 08, 2023 11:00:31 下午 de.tum.App main
信息: RPC service published on port: 5153
6月 08, 2023 11:00:31 下午 de.tum.App main
信息: KVServer is starting...
6月 08, 2023 11:00:40 下午 de.tum.common.ServerLogger init
信息: Already initialized loggers using Level INFO
6月 08, 2023 11:00:40 下午 de.tum.cacheDisplacement.LRU <init>
信息: Init Cache with strategy LRU
6月 08, 2023 11:00:41 下午 de.tum.App registerHandler
信息: Register to ECS successfully
6月 08, 2023 11:00:41 下午 de.tum.App main
信息: RPC service published on port: 5153
6月 08, 2023 11:00:41 下午 de.tum.App main
信息: KVServer is starting...
6月 08, 2023 11:01:04 下午 de.tum.common.ServerLogger init
信息: Already initialized loggers using Level INFO
6月 08, 2023 11:01:05 下午 de.tum.cacheDisplacement.LRU <init>
信息: Init Cache with strategy LRU
6月 08, 2023 11:01:05 下午 de.tum.App registerHandler
信息: Register to ECS successfully
6月 08, 2023 11:01:05 下午 de.tum.App main
信息: RPC service published on port: 5153
6月 08, 2023 11:01:05 下午 de.tum.App main
信息: KVServer is starting...
6月 08, 2023 11:03:36 下午 de.tum.common.ServerLogger init
信息: Already initialized loggers using Level INFO
6月 08, 2023 11:03:36 下午 de.tum.cacheDisplacement.LRU <init>
信息: Init Cache with strategy LRU
6月 08, 2023 11:03:37 下午 de.tum.App registerHandler
信息: Register to ECS successfully
6月 08, 2023 11:03:37 下午 de.tum.App main
信息: RPC service published on port: 5153
6月 08, 2023 11:03:37 下午 de.tum.App main
信息: KVServer is starting...
6月 08, 2023 11:14:29 下午 de.tum.common.ServerLogger init
信息: Already initialized loggers using Level INFO
6月 08, 2023 11:14:29 下午 de.tum.cacheDisplacement.LRU <init>
信息: Init Cache with strategy LRU
6月 08, 2023 11:14:30 下午 de.tum.App registerHandler
信息: Register to ECS successfully
6月 08, 2023 11:14:30 下午 de.tum.App main
信息: RPC service published on port: 5153
6月 08, 2023 11:14:30 下午 de.tum.App main
信息: KVServer is starting...
6月 08, 2023 11:15:20 下午 de.tum.common.ServerLogger init
信息: Already initialized loggers using Level INFO
6月 08, 2023 11:15:20 下午 de.tum.cacheDisplacement.LRU <init>
信息: Init Cache with strategy LRU
6月 08, 2023 11:15:21 下午 de.tum.App registerHandler
信息: Register to ECS successfully
6月 08, 2023 11:15:21 下午 de.tum.App main
信息: RPC service published on port: 5153
6月 08, 2023 11:15:21 下午 de.tum.App main
信息: KVServer is starting...
6月 08, 2023 11:16:28 下午 de.tum.common.ServerLogger init
信息: Already initialized loggers using Level INFO
6月 08, 2023 11:16:28 下午 de.tum.cacheDisplacement.LRU <init>
信息: Init Cache with strategy LRU
6月 08, 2023 11:16:29 下午 de.tum.App registerHandler
信息: Register to ECS successfully
6月 08, 2023 11:16:29 下午 de.tum.App main
信息: RPC service published on port: 5153
6月 08, 2023 11:16:29 下午 de.tum.App main
信息: KVServer is starting...
6月 08, 2023 11:16:52 下午 de.tum.common.ServerLogger init
信息: Already initialized loggers using Level INFO
6月 08, 2023 11:16:52 下午 de.tum.cacheDisplacement.LRU <init>
信息: Init Cache with strategy LRU
6月 08, 2023 11:16:52 下午 de.tum.App registerHandler
信息: Register to ECS successfully
6月 08, 2023 11:16:52 下午 de.tum.App main
信息: RPC service published on port: 5153
6月 08, 2023 11:16:52 下午 de.tum.App main
信息: KVServer is starting...
6月 08, 2023 11:23:18 下午 de.tum.common.ServerLogger init
信息: Already initialized loggers using Level INFO
6月 08, 2023 11:23:18 下午 de.tum.cacheDisplacement.LRU <init>
信息: Init Cache with strategy LRU
6月 08, 2023 11:23:18 下午 de.tum.App registerHandler
信息: Register to ECS successfully
6月 08, 2023 11:23:19 下午 de.tum.App main
信息: RPC service published on port: 5153
6月 08, 2023 11:23:19 下午 de.tum.App main
信息: KVServer is starting...
6月 08, 2023 11:23:38 下午 de.tum.common.ServerLogger init
信息: Already initialized loggers using Level INFO
6月 08, 2023 11:23:38 下午 de.tum.cacheDisplacement.LRU <init>
信息: Init Cache with strategy LRU
6月 08, 2023 11:23:39 下午 de.tum.App registerHandler
信息: Register to ECS successfully
6月 08, 2023 11:23:39 下午 de.tum.App main
信息: RPC service published on port: 5153
6月 08, 2023 11:23:39 下午 de.tum.App main
信息: KVServer is starting...
6月 09, 2023 12:43:51 下午 de.tum.common.ServerLogger init
信息: Already initialized loggers using Level INFO
6月 09, 2023 12:43:52 下午 de.tum.cacheDisplacement.LRU <init>
信息: Init Cache with strategy LRU
6月 09, 2023 12:43:53 下午 de.tum.App registerHandler
信息: Register to ECS successfully
6月 09, 2023 12:43:53 下午 de.tum.App main
信息: RPC service published on port: 5153
6月 09, 2023 12:43:53 下午 de.tum.App main
信息: KVServer is starting...
6月 09, 2023 12:44:32 下午 de.tum.common.ServerLogger init
信息: Already initialized loggers using Level INFO
6月 09, 2023 12:44:32 下午 de.tum.cacheDisplacement.LRU <init>
信息: Init Cache with strategy LRU
6月 09, 2023 12:44:33 下午 de.tum.App registerHandler
信息: Register to ECS successfully
6月 09, 2023 12:44:33 下午 de.tum.App main
信息: RPC service published on port: 5153
6月 09, 2023 12:44:33 下午 de.tum.App main
信息: KVServer is starting...
6月 09, 2023 12:45:22 下午 de.tum.common.ServerLogger init
信息: Already initialized loggers using Level INFO
6月 09, 2023 12:45:22 下午 de.tum.cacheDisplacement.LRU <init>
信息: Init Cache with strategy LRU
6月 09, 2023 12:45:23 下午 de.tum.App registerHandler
信息: Register to ECS successfully
6月 09, 2023 12:45:23 下午 de.tum.App main
信息: RPC service published on port: 5153
6月 09, 2023 12:45:23 下午 de.tum.App main
信息: KVServer is starting...
6月 09, 2023 12:50:10 下午 de.tum.common.ServerLogger init
信息: Already initialized loggers using Level INFO
6月 09, 2023 12:50:10 下午 de.tum.cacheDisplacement.LRU <init>
信息: Init Cache with strategy LRU
6月 09, 2023 12:50:11 下午 de.tum.App registerHandler
信息: Register to ECS successfully
6月 09, 2023 12:50:11 下午 de.tum.App main
信息: RPC service published on port: 5153
6月 09, 2023 12:50:11 下午 de.tum.App main
信息: KVServer is starting...
6月 09, 2023 12:50:26 下午 de.tum.common.ServerLogger init
信息: Already initialized loggers using Level INFO
6月 09, 2023 12:50:26 下午 de.tum.cacheDisplacement.LRU <init>
信息: Init Cache with strategy LRU
6月 09, 2023 12:50:27 下午 de.tum.App registerHandler
信息: Register to ECS successfully
6月 09, 2023 12:50:27 下午 de.tum.App main
信息: RPC service published on port: 5153
6月 09, 2023 12:50:27 下午 de.tum.App main
信息: KVServer is starting...
6月 09, 2023 12:53:15 下午 de.tum.common.ServerLogger init
信息: Already initialized loggers using Level INFO
6月 09, 2023 12:53:15 下午 de.tum.cacheDisplacement.LRU <init>
信息: Init Cache with strategy LRU
6月 09, 2023 12:53:16 下午 de.tum.App registerHandler
信息: Register to ECS successfully
6月 09, 2023 12:53:16 下午 de.tum.App main
信息: RPC service published on port: 5153
6月 09, 2023 12:53:16 下午 de.tum.App main
信息: KVServer is starting...
6月 09, 2023 12:56:23 下午 de.tum.common.ServerLogger init
信息: Already initialized loggers using Level INFO
6月 09, 2023 12:56:23 下午 de.tum.cacheDisplacement.LRU <init>
信息: Init Cache with strategy LRU
6月 09, 2023 12:56:24 下午 de.tum.App registerHandler
信息: Register to ECS successfully
6月 09, 2023 12:56:24 下午 de.tum.App main
信息: RPC service published on port: 5153
6月 09, 2023 12:56:24 下午 de.tum.App main
信息: KVServer is starting...
6月 09, 2023 3:15:19 下午 de.tum.common.ServerLogger init
信息: Already initialized loggers using Level INFO
6月 09, 2023 3:15:19 下午 de.tum.cacheDisplacement.LRU <init>
信息: Init Cache with strategy LRU
6月 09, 2023 3:15:20 下午 de.tum.App registerHandler
信息: Register to ECS successfully
6月 09, 2023 3:15:20 下午 de.tum.App main
信息: RPC service published on port: 5153
6月 09, 2023 3:15:20 下午 de.tum.App main
信息: KVServer is starting...
6月 09, 2023 3:57:16 下午 de.tum.common.ServerLogger init
信息: Already initialized loggers using Level INFO
6月 09, 2023 3:57:16 下午 de.tum.cacheDisplacement.LRU <init>
信息: Init Cache with strategy LRU
6月 09, 2023 3:57:16 下午 de.tum.App registerHandler
信息: Register to ECS successfully
6月 09, 2023 3:57:16 下午 de.tum.App main
信息: KVServer is starting...
6月 09, 2023 3:57:16 下午 de.tum.communication.KVServer start
信息: RPC service published on port: 5154
6月 09, 2023 3:59:39 下午 de.tum.common.ServerLogger init
信息: Already initialized loggers using Level INFO
6月 09, 2023 3:59:39 下午 de.tum.cacheDisplacement.LRU <init>
信息: Init Cache with strategy LRU
6月 09, 2023 3:59:40 下午 de.tum.App registerHandler
信息: Register to ECS successfully
6月 09, 2023 3:59:40 下午 de.tum.App main
信息: KVServer is starting...
6月 09, 2023 3:59:40 下午 de.tum.communication.KVServer start
信息: RPC service published on port: 5154, waiting to receive heartbeat from ECS/Other Servers
6月 09, 2023 3:59:40 下午 de.tum.communication.KVServer start
信息: KVServer is listening on port 5154, ready to receive data from KVClient
6月 09, 2023 4:01:57 下午 de.tum.common.ServerLogger init
信息: Already initialized loggers using Level INFO
6月 09, 2023 4:01:57 下午 de.tum.cacheDisplacement.LRU <init>
信息: Init Cache with strategy LRU
6月 09, 2023 4:01:58 下午 de.tum.App registerHandler
信息: Register to ECS successfully
6月 09, 2023 4:01:58 下午 de.tum.App main
信息: KVServer is starting...
6月 09, 2023 4:01:58 下午 de.tum.communication.KVServer start
信息: RPC service published on port: 5200, waiting to receive heartbeat from ECS/Other Servers
6月 09, 2023 4:01:58 下午 de.tum.communication.KVServer start
信息: KVServer is listening on port 5153, ready to receive data from KVClient
6月 09, 2023 4:07:10 下午 de.tum.common.ServerLogger init
信息: Already initialized loggers using Level INFO
6月 09, 2023 4:07:10 下午 de.tum.cacheDisplacement.LRU <init>
信息: Init Cache with strategy LRU
6月 09, 2023 4:07:11 下午 de.tum.App registerHandler
信息: Register to ECS successfully
6月 09, 2023 4:07:11 下午 de.tum.App main
信息: KVServer is starting...
6月 09, 2023 4:07:11 下午 de.tum.communication.KVServer start
信息: RPC service published on port: 5200, waiting to receive heartbeat from ECS/Other Servers
6月 09, 2023 4:07:11 下午 de.tum.communication.KVServer start
信息: KVServer is listening on port 5153, ready to receive data from KVClient
6月 09, 2023 4:08:40 下午 de.tum.communication.KVServer accept
信息: Accept new client: /127.0.0.1:57662
6月 09, 2023 4:08:52 下午 de.tum.communication.KVServer read
信息: Register read event for client: /127.0.0.1:57662
6月 09, 2023 4:08:52 下午 de.tum.communication.KVServer read
信息: Received request:a
6月 09, 2023 4:08:52 下午 de.tum.App main
严重: Server init failed: Index 1 out of bounds for length 1
6月 09, 2023 4:21:31 下午 de.tum.common.ServerLogger init
信息: Already initialized loggers using Level INFO
6月 09, 2023 4:21:31 下午 de.tum.cacheDisplacement.LRU <init>
信息: Init Cache with strategy LRU
6月 09, 2023 4:21:32 下午 de.tum.App registerHandler
信息: Register to ECS successfully
6月 09, 2023 4:21:32 下午 de.tum.App main
信息: KVServer is starting...
6月 09, 2023 4:21:32 下午 de.tum.communication.KVServer start
信息: RPC service published on port: 5200, waiting to receive heartbeat from ECS/Other Servers
6月 09, 2023 4:21:32 下午 de.tum.communication.KVServer start
信息: KVServer is listening on port 5153, ready to receive data from KVClient
6月 09, 2023 4:31:00 下午 de.tum.common.ServerLogger init
信息: Already initialized loggers using Level INFO
6月 09, 2023 4:31:00 下午 de.tum.cacheDisplacement.LRU <init>
信息: Init Cache with strategy LRU
6月 09, 2023 4:31:01 下午 de.tum.App registerHandler
信息: Register to ECS successfully
6月 09, 2023 4:31:01 下午 de.tum.App main
信息: KVServer is starting...
6月 09, 2023 4:31:01 下午 de.tum.communication.KVServer start
信息: RPC service published on port: 5200, waiting to receive heartbeat from ECS/Other Servers
6月 09, 2023 4:31:01 下午 de.tum.communication.KVServer start
信息: KVServer is listening on port 5153, ready to receive data from KVClient
6月 09, 2023 6:20:27 下午 de.tum.common.ServerLogger init
信息: Already initialized loggers using Level INFO
6月 09, 2023 6:20:27 下午 de.tum.cacheDisplacement.LRU <init>
信息: Init Cache with strategy LRU
6月 09, 2023 6:20:28 下午 de.tum.App registerHandler
信息: Register to ECS successfully
6月 09, 2023 6:20:28 下午 de.tum.App main
信息: KVServer is starting...
6月 09, 2023 6:20:28 下午 de.tum.communication.KVServer start
信息: RPC service published on port: 5200, waiting to receive heartbeat from ECS/Other Servers
6月 09, 2023 6:20:28 下午 de.tum.communication.KVServer start
信息: KVServer is listening on port 5153, ready to receive data from KVClient
6月 09, 2023 6:31:23 下午 de.tum.common.ServerLogger init
信息: Already initialized loggers using Level INFO
6月 09, 2023 6:31:23 下午 de.tum.cacheDisplacement.LRU <init>
信息: Init Cache with strategy LRU
6月 09, 2023 6:31:24 下午 de.tum.App registerHandler
信息: Register to ECS successfully
6月 09, 2023 6:31:24 下午 de.tum.App main
信息: KVServer is starting...
6月 09, 2023 6:31:24 下午 de.tum.communication.KVServer start
信息: RPC service published on port: 5200, waiting to receive heartbeat from ECS/Other Servers
6月 09, 2023 6:31:24 下午 de.tum.communication.KVServer start
信息: KVServer is listening on port 5153, ready to receive data from KVClient
6月 09, 2023 7:32:15 下午 de.tum.common.ServerLogger init
信息: Already initialized loggers using Level INFO
6月 09, 2023 7:32:15 下午 de.tum.cacheDisplacement.LRU <init>
信息: Init Cache with strategy LRU
6月 09, 2023 7:32:16 下午 de.tum.App registerHandler
信息: Register to ECS successfully
6月 09, 2023 7:32:16 下午 de.tum.App main
信息: KVServer is starting...
6月 09, 2023 7:32:16 下午 de.tum.communication.KVServer start
信息: RPC service published on port: 5200, waiting to receive heartbeat from ECS/Other Servers
6月 09, 2023 7:32:16 下午 de.tum.communication.KVServer start
信息: KVServer is listening on port 5153, ready to receive data from KVClient
6月 09, 2023 7:59:22 下午 de.tum.common.ServerLogger init
信息: Already initialized loggers using Level INFO
6月 09, 2023 7:59:22 下午 de.tum.cacheDisplacement.LRU <init>
信息: Init Cache with strategy LRU
6月 09, 2023 7:59:22 下午 de.tum.App main
严重: Server init failed: UNAVAILABLE: io exception
6月 09, 2023 7:59:37 下午 de.tum.common.ServerLogger init
信息: Already initialized loggers using Level INFO
6月 09, 2023 7:59:37 下午 de.tum.cacheDisplacement.LRU <init>
信息: Init Cache with strategy LRU
6月 09, 2023 7:59:38 下午 de.tum.App registerHandler
信息: Register to ECS successfully
6月 09, 2023 7:59:38 下午 de.tum.App main
信息: KVServer is starting...
6月 09, 2023 7:59:38 下午 de.tum.communication.KVServer start
信息: RPC service published on port: 5200, waiting to receive heartbeat from ECS/Other Servers
6月 09, 2023 7:59:38 下午 de.tum.communication.KVServer start
信息: KVServer is listening on port 5153, ready to receive data from KVClient
6月 09, 2023 8:00:30 下午 de.tum.common.ServerLogger init
信息: Already initialized loggers using Level INFO
6月 09, 2023 8:00:30 下午 de.tum.cacheDisplacement.LRU <init>
信息: Init Cache with strategy LRU
6月 09, 2023 8:00:31 下午 de.tum.App registerHandler
信息: Register to ECS successfully
6月 09, 2023 8:00:31 下午 de.tum.App main
信息: KVServer is starting...
6月 09, 2023 8:00:31 下午 de.tum.communication.KVServer start
信息: RPC service published on port: 5200, waiting to receive heartbeat from ECS/Other Servers
6月 09, 2023 8:00:31 下午 de.tum.communication.KVServer start
信息: KVServer is listening on port 5153, ready to receive data from KVClient
6月 09, 2023 8:00:31 下午 de.tum.communication.KVServer accept
信息: Accept new client: /127.0.0.1:60231
6月 09, 2023 8:00:31 下午 de.tum.communication.KVServer read
信息: Register read event for client: /127.0.0.1:60231
6月 09, 2023 8:00:31 下午 de.tum.communication.KVServer read
信息: Received request:PRI * HTTP/2.0

SM
6月 09, 2023 8:00:31 下午 de.tum.App main
严重: Server init failed: null
6月 09, 2023 8:00:46 下午 de.tum.common.ServerLogger init
信息: Already initialized loggers using Level INFO
6月 09, 2023 8:00:46 下午 de.tum.cacheDisplacement.LRU <init>
信息: Init Cache with strategy LRU
6月 09, 2023 8:00:47 下午 de.tum.App registerHandler
信息: Register to ECS successfully
6月 09, 2023 8:00:47 下午 de.tum.App main
信息: KVServer is starting...
6月 09, 2023 8:00:47 下午 de.tum.communication.KVServer start
信息: RPC service published on port: 5200, waiting to receive heartbeat from ECS/Other Servers
6月 09, 2023 8:00:47 下午 de.tum.communication.KVServer start
信息: KVServer is listening on port 5153, ready to receive data from KVClient
6月 09, 2023 8:00:47 下午 de.tum.communication.KVServer accept
信息: Accept new client: /127.0.0.1:60249
6月 09, 2023 8:00:47 下午 de.tum.communication.KVServer read
信息: Register read event for client: /127.0.0.1:60249
6月 09, 2023 8:00:47 下午 de.tum.communication.KVServer read
信息: Received request:PRI * HTTP/2.0

SM
6月 09, 2023 8:00:47 下午 de.tum.App main
严重: Server init failed: null
6月 09, 2023 8:01:37 下午 de.tum.common.ServerLogger init
信息: Already initialized loggers using Level INFO
6月 09, 2023 8:01:37 下午 de.tum.cacheDisplacement.LRU <init>
信息: Init Cache with strategy LRU
6月 09, 2023 8:01:37 下午 de.tum.App registerHandler
信息: Register to ECS successfully
6月 09, 2023 8:01:37 下午 de.tum.App main
信息: KVServer is starting...
6月 09, 2023 8:01:37 下午 de.tum.communication.KVServer start
信息: RPC service published on port: 5200, waiting to receive heartbeat from ECS/Other Servers
6月 09, 2023 8:01:37 下午 de.tum.communication.KVServer start
信息: KVServer is listening on port 5153, ready to receive data from KVClient
6月 09, 2023 8:01:38 下午 de.tum.communication.KVServer accept
信息: Accept new client: /127.0.0.1:60279
6月 09, 2023 8:01:38 下午 de.tum.communication.KVServer read
信息: Register read event for client: /127.0.0.1:60279
6月 09, 2023 8:01:38 下午 de.tum.communication.KVServer read
信息: Received request:PRI * HTTP/2.0

SM
6月 09, 2023 8:01:38 下午 de.tum.App main
严重: Server init failed: null
6月 09, 2023 8:01:50 下午 de.tum.common.ServerLogger init
信息: Already initialized loggers using Level INFO
6月 09, 2023 8:01:50 下午 de.tum.cacheDisplacement.LRU <init>
信息: Init Cache with strategy LRU
6月 09, 2023 8:01:51 下午 de.tum.App main
严重: Server init failed: UNAVAILABLE: io exception
6月 09, 2023 8:02:02 下午 de.tum.common.ServerLogger init
信息: Already initialized loggers using Level INFO
6月 09, 2023 8:02:02 下午 de.tum.cacheDisplacement.LRU <init>
信息: Init Cache with strategy LRU
6月 09, 2023 8:02:03 下午 de.tum.App registerHandler
信息: Register to ECS successfully
6月 09, 2023 8:02:03 下午 de.tum.App main
信息: KVServer is starting...
6月 09, 2023 8:02:03 下午 de.tum.communication.KVServer start
信息: RPC service published on port: 5200, waiting to receive heartbeat from ECS/Other Servers
6月 09, 2023 8:02:03 下午 de.tum.communication.KVServer start
信息: KVServer is listening on port 5153, ready to receive data from KVClient
6月 09, 2023 8:02:03 下午 de.tum.communication.KVServer accept
信息: Accept new client: /127.0.0.1:60301
6月 09, 2023 8:02:03 下午 de.tum.communication.KVServer read
信息: Register read event for client: /127.0.0.1:60301
6月 09, 2023 8:02:03 下午 de.tum.communication.KVServer read
信息: Received request:PRI * HTTP/2.0

SM
6月 09, 2023 8:02:03 下午 de.tum.App main
严重: Server init failed: null
6月 09, 2023 8:03:40 下午 de.tum.common.ServerLogger init
信息: Already initialized loggers using Level INFO
6月 09, 2023 8:03:40 下午 de.tum.cacheDisplacement.LRU <init>
信息: Init Cache with strategy LRU
6月 09, 2023 8:03:41 下午 de.tum.App registerHandler
信息: Register to ECS successfully
6月 09, 2023 8:03:41 下午 de.tum.App main
信息: KVServer is starting...
6月 09, 2023 8:03:41 下午 de.tum.communication.KVServer start
信息: RPC service published on port: 5200, waiting to receive heartbeat from ECS/Other Servers
6月 09, 2023 8:03:41 下午 de.tum.communication.KVServer start
信息: KVServer is listening on port 5153, ready to receive data from KVClient
6月 09, 2023 8:03:41 下午 de.tum.communication.KVServer accept
信息: Accept new client: /127.0.0.1:60342
6月 09, 2023 8:03:41 下午 de.tum.communication.KVServer read
信息: Register read event for client: /127.0.0.1:60342
6月 09, 2023 8:03:41 下午 de.tum.communication.KVServer read
信息: Received request:PRI * HTTP/2.0

SM
6月 09, 2023 8:03:41 下午 de.tum.App main
严重: Server init failed: null
6月 09, 2023 8:06:56 下午 de.tum.common.ServerLogger init
信息: Already initialized loggers using Level INFO
6月 09, 2023 8:06:56 下午 de.tum.cacheDisplacement.LRU <init>
信息: Init Cache with strategy LRU
6月 09, 2023 8:06:57 下午 de.tum.App registerHandler
信息: Register to ECS successfully
6月 09, 2023 8:06:57 下午 de.tum.App main
信息: KVServer is starting...
6月 09, 2023 8:06:57 下午 de.tum.communication.KVServer start
信息: RPC service published on port: 5200, waiting to receive heartbeat from ECS/Other Servers
6月 09, 2023 8:06:57 下午 de.tum.communication.KVServer start
信息: KVServer is listening on port 5153, ready to receive data from KVClient
6月 09, 2023 8:06:57 下午 de.tum.communication.KVServer accept
信息: Accept new client: /127.0.0.1:60394
6月 09, 2023 8:06:57 下午 de.tum.communication.KVServer read
信息: Register read event for client: /127.0.0.1:60394
6月 09, 2023 8:06:57 下午 de.tum.communication.KVServer read
信息: Received request:PRI * HTTP/2.0

SM
6月 09, 2023 8:06:57 下午 de.tum.App main
严重: Server init failed: null
6月 09, 2023 8:10:12 下午 de.tum.common.ServerLogger init
信息: Already initialized loggers using Level INFO
6月 09, 2023 8:10:12 下午 de.tum.cacheDisplacement.LRU <init>
信息: Init Cache with strategy LRU
6月 09, 2023 8:10:13 下午 de.tum.App registerHandler
信息: Register to ECS successfully
6月 09, 2023 8:10:13 下午 de.tum.App main
信息: KVServer is starting...
6月 09, 2023 8:10:13 下午 de.tum.communication.KVServer start
信息: RPC service published on port: 5200, waiting to receive heartbeat from ECS/Other Servers
6月 09, 2023 8:10:13 下午 de.tum.communication.KVServer start
信息: KVServer is listening on port 5153, ready to receive data from KVClient
6月 09, 2023 8:10:13 下午 de.tum.communication.KVServer accept
信息: Accept new client: /127.0.0.1:60448
6月 09, 2023 8:10:13 下午 de.tum.communication.KVServer read
信息: Register read event for client: /127.0.0.1:60448
6月 09, 2023 8:10:13 下午 de.tum.communication.KVServer read
信息: Received request:PRI * HTTP/2.0

SM
6月 09, 2023 8:10:13 下午 de.tum.App main
严重: Server init failed: null
6月 09, 2023 8:11:49 下午 de.tum.common.ServerLogger init
信息: Already initialized loggers using Level INFO
6月 09, 2023 8:11:49 下午 de.tum.cacheDisplacement.LRU <init>
信息: Init Cache with strategy LRU
6月 09, 2023 8:11:50 下午 de.tum.App registerHandler
信息: Register to ECS successfully
6月 09, 2023 8:11:50 下午 de.tum.App main
信息: KVServer is starting...
6月 09, 2023 8:11:50 下午 de.tum.communication.KVServer start
信息: RPC service published on port: 5200, waiting to receive heartbeat from ECS/Other Servers
6月 09, 2023 8:11:50 下午 de.tum.communication.KVServer start
信息: KVServer is listening on port 5153, ready to receive data from KVClient
6月 09, 2023 8:11:50 下午 de.tum.communication.KVServer accept
信息: Accept new client: /127.0.0.1:60515
6月 09, 2023 8:11:50 下午 de.tum.communication.KVServer read
信息: Register read event for client: /127.0.0.1:60515
6月 09, 2023 8:11:50 下午 de.tum.communication.KVServer read
信息: Received request:PRI * HTTP/2.0

SM
6月 09, 2023 8:11:50 下午 de.tum.App main
严重: Server init failed: null
6月 09, 2023 8:12:04 下午 de.tum.common.ServerLogger init
信息: Already initialized loggers using Level INFO
6月 09, 2023 8:12:04 下午 de.tum.cacheDisplacement.LRU <init>
信息: Init Cache with strategy LRU
6月 09, 2023 8:12:04 下午 de.tum.App registerHandler
信息: Register to ECS successfully
6月 09, 2023 8:12:04 下午 de.tum.App main
信息: KVServer is starting...
6月 09, 2023 8:12:05 下午 de.tum.communication.KVServer start
信息: RPC service published on port: 5200, waiting to receive heartbeat from ECS/Other Servers
6月 09, 2023 8:12:05 下午 de.tum.communication.KVServer start
信息: KVServer is listening on port 5153, ready to receive data from KVClient
6月 09, 2023 8:12:06 下午 de.tum.communication.KVServer accept
信息: Accept new client: /127.0.0.1:60528
6月 09, 2023 8:12:06 下午 de.tum.communication.KVServer read
信息: Register read event for client: /127.0.0.1:60528
6月 09, 2023 8:12:06 下午 de.tum.communication.KVServer read
信息: Received request:PRI * HTTP/2.0

SM
6月 09, 2023 8:12:06 下午 de.tum.App main
严重: Server init failed: null
6月 09, 2023 8:16:44 下午 de.tum.common.ServerLogger init
信息: Already initialized loggers using Level INFO
6月 09, 2023 8:16:44 下午 de.tum.cacheDisplacement.LRU <init>
信息: Init Cache with strategy LRU
6月 09, 2023 8:16:45 下午 de.tum.App registerHandler
信息: Register to ECS successfully
6月 09, 2023 8:16:45 下午 de.tum.App main
信息: KVServer is starting...
6月 09, 2023 8:16:45 下午 de.tum.communication.KVServer start
信息: RPC service published on port: 5200, waiting to receive heartbeat from ECS/Other Servers
6月 09, 2023 8:16:45 下午 de.tum.communication.KVServer start
信息: KVServer is listening on port 5153, ready to receive data from KVClient
6月 09, 2023 8:16:45 下午 de.tum.communication.KVServer accept
信息: Accept new client: /127.0.0.1:60593
6月 09, 2023 8:16:45 下午 de.tum.communication.KVServer read
信息: Register read event for client: /127.0.0.1:60593
6月 09, 2023 8:16:45 下午 de.tum.communication.KVServer read
信息: Received request:PRI * HTTP/2.0

SM
6月 09, 2023 8:16:45 下午 de.tum.App main
严重: Server init failed: null
6月 09, 2023 8:17:20 下午 de.tum.common.ServerLogger init
信息: Already initialized loggers using Level INFO
6月 09, 2023 8:17:21 下午 de.tum.cacheDisplacement.LRU <init>
信息: Init Cache with strategy LRU
6月 09, 2023 8:17:21 下午 de.tum.App registerHandler
信息: Register to ECS successfully
6月 09, 2023 8:17:21 下午 de.tum.App main
信息: KVServer is starting...
6月 09, 2023 8:17:21 下午 de.tum.communication.KVServer start
信息: RPC service published on port: 5200, waiting to receive heartbeat from ECS/Other Servers
6月 09, 2023 8:17:21 下午 de.tum.communication.KVServer start
信息: KVServer is listening on port 5153, ready to receive data from KVClient
6月 09, 2023 8:17:22 下午 de.tum.communication.KVServer accept
信息: Accept new client: /127.0.0.1:60620
6月 09, 2023 8:17:22 下午 de.tum.communication.KVServer read
信息: Register read event for client: /127.0.0.1:60620
6月 09, 2023 8:17:22 下午 de.tum.communication.KVServer read
信息: Received request:PRI * HTTP/2.0

SM
6月 09, 2023 8:17:22 下午 de.tum.App main
严重: Server init failed: null
6月 09, 2023 8:25:34 下午 de.tum.common.ServerLogger init
信息: Already initialized loggers using Level INFO
6月 09, 2023 8:25:35 下午 de.tum.cacheDisplacement.LRU <init>
信息: Init Cache with strategy LRU
6月 09, 2023 8:25:35 下午 de.tum.App registerHandler
信息: Register to ECS successfully
6月 09, 2023 8:25:35 下午 de.tum.App main
信息: KVServer is starting...
6月 09, 2023 8:25:35 下午 de.tum.communication.KVServer start
信息: RPC service published on port: 5200, waiting to receive heartbeat from ECS/Other Servers
6月 09, 2023 8:25:35 下午 de.tum.communication.KVServer start
信息: KVServer is listening on port 5153, ready to receive data from KVClient
6月 09, 2023 8:31:26 下午 de.tum.common.ServerLogger init
信息: Already initialized loggers using Level INFO
6月 09, 2023 8:31:26 下午 de.tum.cacheDisplacement.LRU <init>
信息: Init Cache with strategy LRU
6月 09, 2023 8:31:27 下午 de.tum.App registerHandler
信息: Register to ECS successfully
6月 09, 2023 8:31:27 下午 de.tum.App main
信息: KVServer is starting...
6月 09, 2023 8:31:27 下午 de.tum.communication.KVServer start
信息: RPC service published on port: 5200, waiting to receive heartbeat from ECS/Other Servers
6月 09, 2023 8:31:27 下午 de.tum.communication.KVServer start
信息: KVServer is listening on port 5153, ready to receive data from KVClient
6月 09, 2023 8:51:25 下午 de.tum.common.ServerLogger init
信息: Already initialized loggers using Level INFO
6月 09, 2023 8:51:25 下午 de.tum.cacheDisplacement.LRU <init>
信息: Init Cache with strategy LRU
6月 09, 2023 8:51:26 下午 de.tum.App registerHandler
信息: Register to ECS successfully
6月 09, 2023 8:51:26 下午 de.tum.App main
信息: KVServer is starting...
6月 09, 2023 8:51:26 下午 de.tum.communication.KVServer start
信息: RPC service published on port: 5200, waiting to receive heartbeat from ECS/Other Servers
6月 09, 2023 8:51:26 下午 de.tum.communication.KVServer start
信息: KVServer is listening on port 5153, ready to receive data from KVClient
6月 09, 2023 8:51:43 下午 de.tum.common.ServerLogger init
信息: Already initialized loggers using Level INFO
6月 09, 2023 8:51:44 下午 de.tum.cacheDisplacement.LRU <init>
信息: Init Cache with strategy LRU
6月 09, 2023 8:51:44 下午 de.tum.App registerHandler
信息: Register to ECS successfully
6月 09, 2023 8:51:44 下午 de.tum.App main
信息: KVServer is starting...
6月 09, 2023 8:51:44 下午 de.tum.communication.KVServer start
信息: RPC service published on port: 5200, waiting to receive heartbeat from ECS/Other Servers
6月 09, 2023 8:51:44 下午 de.tum.communication.KVServer start
信息: KVServer is listening on port 5153, ready to receive data from KVClient
6月 09, 2023 9:07:14 下午 de.tum.common.ServerLogger init
信息: Already initialized loggers using Level INFO
6月 09, 2023 9:07:14 下午 de.tum.cacheDisplacement.LRU <init>
信息: Init Cache with strategy LRU
6月 09, 2023 9:07:18 下午 de.tum.App registerHandler
信息: Register to ECS successfully
6月 09, 2023 9:07:18 下午 de.tum.App main
信息: KVServer is starting...
6月 09, 2023 9:07:19 下午 de.tum.communication.KVServer start
信息: RPC service published on port: 5200, waiting to receive heartbeat from ECS/Other Servers
6月 09, 2023 9:07:19 下午 de.tum.communication.KVServer start
信息: KVServer is listening on port 5154, ready to receive data from KVClient
6月 09, 2023 9:08:33 下午 de.tum.common.ServerLogger init
信息: Already initialized loggers using Level INFO
6月 09, 2023 9:08:34 下午 de.tum.cacheDisplacement.LRU <init>
信息: Init Cache with strategy LRU
6月 09, 2023 9:08:40 下午 de.tum.App registerHandler
信息: Register to ECS successfully
6月 09, 2023 9:08:40 下午 de.tum.App main
信息: KVServer is starting...
6月 09, 2023 9:08:40 下午 de.tum.communication.KVServer start
信息: RPC service published on port: 5200, waiting to receive heartbeat from ECS/Other Servers
6月 09, 2023 9:08:40 下午 de.tum.communication.KVServer start
信息: KVServer is listening on port 5153, ready to receive data from KVClient
6月 09, 2023 9:39:08 下午 de.tum.common.ServerLogger init
信息: Already initialized loggers using Level INFO
6月 09, 2023 9:39:09 下午 de.tum.cacheDisplacement.LRU <init>
信息: Init Cache with strategy LRU
6月 09, 2023 9:39:12 下午 de.tum.App registerHandler
信息: Register to ECS successfully
6月 09, 2023 9:39:12 下午 de.tum.App main
信息: KVServer is starting...
6月 09, 2023 9:39:13 下午 de.tum.communication.KVServer start
信息: RPC service published on port: 5200, waiting to receive heartbeat from ECS/Other Servers
6月 09, 2023 9:39:13 下午 de.tum.communication.KVServer start
信息: KVServer is listening on port 5154, ready to receive data from KVClient
6月 09, 2023 10:04:04 下午 de.tum.common.ServerLogger init
信息: Already initialized loggers using Level INFO
6月 09, 2023 10:04:04 下午 de.tum.cacheDisplacement.LRU <init>
信息: Init Cache with strategy LRU
6月 09, 2023 10:04:09 下午 de.tum.App registerHandler
信息: Register to ECS successfully
6月 09, 2023 10:04:09 下午 de.tum.App main
信息: KVServer is starting...
6月 09, 2023 10:04:09 下午 de.tum.communication.KVServer start
信息: RPC service published on port: 5200, waiting to receive heartbeat from ECS/Other Servers
6月 09, 2023 10:04:09 下午 de.tum.communication.KVServer start
信息: KVServer is listening on port 5154, ready to receive data from KVClient
6月 09, 2023 10:21:54 下午 de.tum.common.ServerLogger init
信息: Already initialized loggers using Level INFO
6月 09, 2023 10:21:54 下午 de.tum.cacheDisplacement.LRU <init>
信息: Init Cache with strategy LRU
6月 09, 2023 10:21:56 下午 de.tum.App main
信息: KVServer is starting...
6月 09, 2023 10:21:56 下午 de.tum.communication.KVServer start
信息: RPC service published on port: 5200, waiting to receive heartbeat from ECS/Other Servers
6月 09, 2023 10:21:56 下午 de.tum.communication.KVServer start
信息: KVServer is listening on port 5153, ready to receive data from KVClient
6月 09, 2023 10:43:40 下午 de.tum.common.ServerLogger init
信息: Already initialized loggers using Level INFO
6月 09, 2023 10:43:40 下午 de.tum.cacheDisplacement.LRU <init>
信息: Init Cache with strategy LRU
6月 09, 2023 10:43:42 下午 de.tum.App registerHandler
信息: Register to ECS successfully
6月 09, 2023 10:43:42 下午 de.tum.App main
信息: KVServer is starting...
6月 09, 2023 10:43:42 下午 de.tum.communication.KVServer start
信息: RPC service published on port: 5200, waiting to receive heartbeat from ECS/Other Servers
6月 09, 2023 10:43:42 下午 de.tum.communication.KVServer start
信息: KVServer is listening on port 5153, ready to receive data from KVClient
6月 09, 2023 10:45:44 下午 de.tum.common.ServerLogger init
信息: Already initialized loggers using Level INFO
6月 09, 2023 10:45:44 下午 de.tum.cacheDisplacement.LRU <init>
信息: Init Cache with strategy LRU
6月 09, 2023 10:45:45 下午 de.tum.App registerHandler
信息: Register to ECS successfully
6月 09, 2023 10:45:45 下午 de.tum.App main
信息: KVServer is starting...
6月 09, 2023 10:45:45 下午 de.tum.communication.KVServer start
信息: RPC service published on port: 5200, waiting to receive heartbeat from ECS/Other Servers
6月 09, 2023 10:45:45 下午 de.tum.communication.KVServer start
信息: KVServer is listening on port 5153, ready to receive data from KVClient
6月 09, 2023 10:48:59 下午 de.tum.common.ServerLogger init
信息: Already initialized loggers using Level INFO
6月 09, 2023 10:48:59 下午 de.tum.cacheDisplacement.LRU <init>
信息: Init Cache with strategy LRU
6月 09, 2023 10:49:01 下午 de.tum.App registerHandler
信息: Register to ECS successfully
6月 09, 2023 10:49:01 下午 de.tum.App main
信息: RPC service published on port: 62503, waiting to receive heartbeat from ECS/Other Servers
6月 09, 2023 10:49:01 下午 de.tum.App main
信息: KVServer is starting...
6月 09, 2023 10:49:01 下午 de.tum.communication.KVServer start
信息: KVServer is listening on port 5153, ready to receive data from KVClient
6月 09, 2023 11:12:45 下午 de.tum.common.ServerLogger init
信息: Already initialized loggers using Level INFO
6月 09, 2023 11:12:45 下午 de.tum.cacheDisplacement.LRU <init>
信息: Init Cache with strategy LRU
6月 09, 2023 11:12:48 下午 de.tum.App registerHandler
信息: Register to ECS successfully
6月 09, 2023 11:12:48 下午 de.tum.App main
信息: RPC service published on port: 62883, waiting to receive heartbeat from ECS/Other Servers
6月 09, 2023 11:12:48 下午 de.tum.App main
信息: KVServer is starting...
6月 09, 2023 11:12:48 下午 de.tum.communication.KVServer start
信息: KVServer is listening on port 5154, ready to receive data from KVClient
6月 09, 2023 11:34:08 下午 de.tum.common.ServerLogger init
信息: Already initialized loggers using Level INFO
6月 09, 2023 11:34:08 下午 de.tum.cacheDisplacement.LRU <init>
信息: Init Cache with strategy LRU
6月 09, 2023 11:34:11 下午 de.tum.App registerHandler
信息: Register to ECS successfully
6月 09, 2023 11:34:11 下午 de.tum.App main
信息: RPC service published on port: 63144, waiting to receive heartbeat from ECS/Other Servers
6月 09, 2023 11:34:11 下午 de.tum.App main
信息: KVServer is starting...
6月 09, 2023 11:34:11 下午 de.tum.communication.KVServer start
信息: KVServer is listening on port 5154, ready to receive data from KVClient
6月 09, 2023 11:34:35 下午 de.tum.communication.KVServer accept
信息: Accept new client: /127.0.0.1:63153
6月 09, 2023 11:34:43 下午 de.tum.communication.KVServer read
信息: Register read event for client: /127.0.0.1:63153
6月 09, 2023 11:34:43 下午 de.tum.communication.KVServer read
信息: Received request:1
6月 09, 2023 11:34:43 下午 de.tum.App main
严重: Server init failed: Index 1 out of bounds for length 1
6月 09, 2023 11:47:23 下午 de.tum.common.ServerLogger init
信息: Already initialized loggers using Level INFO
6月 09, 2023 11:47:23 下午 de.tum.cacheDisplacement.LRU <init>
信息: Init Cache with strategy LRU
6月 09, 2023 11:47:28 下午 de.tum.App registerHandler
信息: Register to ECS successfully
6月 09, 2023 11:47:28 下午 de.tum.App main
信息: RPC service published on port: 63322, waiting to receive heartbeat from ECS/Other Servers
6月 09, 2023 11:47:28 下午 de.tum.App main
信息: KVServer is starting...
6月 09, 2023 11:47:28 下午 de.tum.communication.KVServer start
信息: KVServer is listening on port 5154, ready to receive data from KVClient
6月 09, 2023 11:48:25 下午 de.tum.common.ServerLogger init
信息: Already initialized loggers using Level INFO
6月 09, 2023 11:48:26 下午 de.tum.cacheDisplacement.LRU <init>
信息: Init Cache with strategy LRU
6月 09, 2023 11:48:30 下午 de.tum.App registerHandler
信息: Register to ECS successfully
6月 09, 2023 11:48:30 下午 de.tum.App main
信息: RPC service published on port: 63352, waiting to receive heartbeat from ECS/Other Servers
6月 09, 2023 11:48:30 下午 de.tum.App main
信息: KVServer is starting...
6月 09, 2023 11:48:30 下午 de.tum.communication.KVServer start
信息: KVServer is listening on port 5154, ready to receive data from KVClient
6月 09, 2023 11:48:43 下午 de.tum.communication.KVServer accept
信息: Accept new client: /127.0.0.1:63358
6月 09, 2023 11:48:48 下午 de.tum.communication.KVServer read
信息: Register read event for client: /127.0.0.1:63358
6月 09, 2023 11:48:48 下午 de.tum.communication.KVServer read
信息: Received request:put 1 a
6月 09, 2023 11:48:48 下午 de.tum.App main
严重: Server init failed: null
6月 10, 2023 2:06:57 下午 de.tum.common.ServerLogger init
信息: Already initialized loggers using Level INFO
6月 10, 2023 2:06:57 下午 de.tum.cacheDisplacement.LRU <init>
信息: Init Cache with strategy LRU
6月 10, 2023 2:06:59 下午 de.tum.App registerHandler
信息: Register to ECS successfully
6月 10, 2023 2:06:59 下午 de.tum.App main
信息: RPC service published on port: 54973, waiting to receive heartbeat from ECS/Other Servers
6月 10, 2023 2:06:59 下午 de.tum.App main
信息: KVServer is starting...
6月 10, 2023 2:06:59 下午 de.tum.communication.KVServer start
信息: KVServer is listening on port 5154, ready to receive data from KVClient
6月 10, 2023 2:07:20 下午 de.tum.communication.KVServer accept
信息: Accept new client: /127.0.0.1:54983
6月 10, 2023 2:07:24 下午 de.tum.communication.KVServer read
信息: Register read event for client: /127.0.0.1:54983
6月 10, 2023 2:07:24 下午 de.tum.communication.KVServer read
信息: Received request:put 1 a
6月 10, 2023 2:07:24 下午 de.tum.App main
严重: Server init failed: null
6月 10, 2023 2:09:03 下午 de.tum.common.ServerLogger init
信息: Already initialized loggers using Level INFO
6月 10, 2023 2:09:03 下午 de.tum.cacheDisplacement.LRU <init>
信息: Init Cache with strategy LRU
6月 10, 2023 2:09:05 下午 de.tum.App registerHandler
信息: Register to ECS successfully
6月 10, 2023 2:09:05 下午 de.tum.App main
信息: RPC service published on port: 55016, waiting to receive heartbeat from ECS/Other Servers
6月 10, 2023 2:09:05 下午 de.tum.App main
信息: KVServer is starting...
6月 10, 2023 2:09:05 下午 de.tum.communication.KVServer start
信息: KVServer is listening on port 5154, ready to receive data from KVClient
6月 10, 2023 2:09:26 下午 de.tum.communication.KVServer accept
信息: Accept new client: /127.0.0.1:55025
6月 10, 2023 2:10:21 下午 de.tum.common.ServerLogger init
信息: Already initialized loggers using Level INFO
6月 10, 2023 2:10:21 下午 de.tum.cacheDisplacement.LRU <init>
信息: Init Cache with strategy LRU
6月 10, 2023 2:10:23 下午 de.tum.App registerHandler
信息: Register to ECS successfully
6月 10, 2023 2:10:23 下午 de.tum.App main
信息: RPC service published on port: 55065, waiting to receive heartbeat from ECS/Other Servers
6月 10, 2023 2:10:23 下午 de.tum.App main
信息: KVServer is starting...
6月 10, 2023 2:10:23 下午 de.tum.communication.KVServer start
信息: KVServer is listening on port 5154, ready to receive data from KVClient
6月 10, 2023 2:10:28 下午 de.tum.communication.KVServer accept
信息: Accept new client: /127.0.0.1:55072
6月 10, 2023 2:10:32 下午 de.tum.communication.KVServer read
信息: Register read event for client: /127.0.0.1:55072
6月 10, 2023 2:10:32 下午 de.tum.communication.KVServer read
信息: Received request:put 1 a
6月 10, 2023 2:10:32 下午 de.tum.App main
严重: Server init failed: null
6月 10, 2023 4:44:42 下午 de.tum.common.ServerLogger init
信息: Already initialized loggers using Level INFO
6月 10, 2023 4:44:43 下午 de.tum.cacheDisplacement.LRU <init>
信息: Init Cache with strategy LRU
6月 10, 2023 4:44:44 下午 de.tum.App registerHandler
信息: Register to ECS successfully
6月 10, 2023 4:44:44 下午 de.tum.App main
信息: RPC service published on port: 57186, waiting to receive heartbeat from ECS/Other Servers
6月 10, 2023 4:44:44 下午 de.tum.App main
信息: KVServer is starting...
6月 10, 2023 4:44:44 下午 de.tum.communication.KVServer start
信息: KVServer is listening on port 5154, ready to receive data from KVClient
